<?xml version="1.0" encoding="UTF-8"?>
<testng-results skipped="0" failed="2" ignored="0" total="18" passed="16">
  <reporter-output>
  </reporter-output>
  <suite name="Default suite" duration-ms="188209" started-at="2018-02-01T15:54:26Z" finished-at="2018-02-01T15:57:35Z">
    <groups>
    </groups>
    <test name="Default test" duration-ms="188209" started-at="2018-02-01T15:54:26Z" finished-at="2018-02-01T15:57:35Z">
      <class name="test.horoscope.Total_horoscope">
        <test-method status="PASS" signature="appLaunch()[pri:0, instance:test.horoscope.Total_horoscope@271053e1]" name="appLaunch" is-config="true" duration-ms="33294" started-at="2018-02-01T21:24:26Z" finished-at="2018-02-01T21:25:00Z">
          <reporter-output>
          </reporter-output>
        </test-method> <!-- appLaunch -->
        <test-method status="FAIL" signature="openingRechargeApp()[pri:2, instance:test.horoscope.Total_horoscope@271053e1]" name="openingRechargeApp" duration-ms="59111" started-at="2018-02-01T21:25:00Z" description="performing the Recharge" finished-at="2018-02-01T21:25:59Z">
          <exception class="java.lang.AssertionError">
            <message>
              <![CDATA[expected [Recharge successful] but found [Recharge failed]]]>
            </message>
            <full-stacktrace>
              <![CDATA[java.lang.AssertionError: expected [Recharge successful] but found [Recharge failed]
	at org.testng.Assert.fail(Assert.java:93)
	at org.testng.Assert.failNotEquals(Assert.java:512)
	at org.testng.Assert.assertEqualsImpl(Assert.java:134)
	at org.testng.Assert.assertEquals(Assert.java:115)
	at org.testng.Assert.assertEquals(Assert.java:189)
	at org.testng.Assert.assertEquals(Assert.java:199)
	at com.horoscope.util.Horoscope_baseLib.performingRecharge(Horoscope_baseLib.java:520)
	at test.horoscope.Total_horoscope.openingRechargeApp(Total_horoscope.java:49)
	at sun.reflect.NativeMethodAccessorImpl.invoke0(Native Method)
	at sun.reflect.NativeMethodAccessorImpl.invoke(Unknown Source)
	at sun.reflect.DelegatingMethodAccessorImpl.invoke(Unknown Source)
	at java.lang.reflect.Method.invoke(Unknown Source)
	at org.testng.internal.MethodInvocationHelper.invokeMethod(MethodInvocationHelper.java:108)
	at org.testng.internal.Invoker.invokeMethod(Invoker.java:669)
	at org.testng.internal.Invoker.invokeTestMethod(Invoker.java:877)
	at org.testng.internal.Invoker.invokeTestMethods(Invoker.java:1201)
	at org.testng.internal.TestMethodWorker.invokeTestMethods(TestMethodWorker.java:125)
	at org.testng.internal.TestMethodWorker.run(TestMethodWorker.java:109)
	at org.testng.TestRunner.privateRun(TestRunner.java:776)
	at org.testng.TestRunner.run(TestRunner.java:634)
	at org.testng.SuiteRunner.runTest(SuiteRunner.java:425)
	at org.testng.SuiteRunner.runSequentially(SuiteRunner.java:420)
	at org.testng.SuiteRunner.privateRun(SuiteRunner.java:385)
	at org.testng.SuiteRunner.run(SuiteRunner.java:334)
	at org.testng.SuiteRunnerWorker.runSuite(SuiteRunnerWorker.java:52)
	at org.testng.SuiteRunnerWorker.run(SuiteRunnerWorker.java:86)
	at org.testng.TestNG.runSuitesSequentially(TestNG.java:1318)
	at org.testng.TestNG.runSuitesLocally(TestNG.java:1243)
	at org.testng.TestNG.runSuites(TestNG.java:1161)
	at org.testng.TestNG.run(TestNG.java:1129)
	at org.testng.remote.AbstractRemoteTestNG.run(AbstractRemoteTestNG.java:114)
	at org.testng.remote.RemoteTestNG.initAndRun(RemoteTestNG.java:251)
	at org.testng.remote.RemoteTestNG.main(RemoteTestNG.java:77)
]]>
            </full-stacktrace>
          </exception> <!-- java.lang.AssertionError -->
          <reporter-output>
          </reporter-output>
        </test-method> <!-- openingRechargeApp -->
        <test-method status="PASS" signature="LaunchingFromAppDrawer()[pri:3, instance:test.horoscope.Total_horoscope@271053e1]" name="LaunchingFromAppDrawer" duration-ms="12840" started-at="2018-02-01T21:25:59Z" description="Launch Horoscope from the App drawer" finished-at="2018-02-01T21:26:12Z">
          <reporter-output>
          </reporter-output>
        </test-method> <!-- LaunchingFromAppDrawer -->
        <test-method status="PASS" signature="myZodiacTab()[pri:4, instance:test.horoscope.Total_horoscope@271053e1]" name="myZodiacTab" duration-ms="14225" started-at="2018-02-01T21:26:12Z" description="click on My Zodiac tab" finished-at="2018-02-01T21:26:26Z">
          <reporter-output>
          </reporter-output>
        </test-method> <!-- myZodiacTab -->
        <test-method status="PASS" signature="DOBsetting()[pri:5, instance:test.horoscope.Total_horoscope@271053e1]" name="DOBsetting" duration-ms="30096" started-at="2018-02-01T21:26:26Z" description="click on setting (change DOB) icon" finished-at="2018-02-01T21:26:56Z">
          <reporter-output>
          </reporter-output>
        </test-method> <!-- DOBsetting -->
        <test-method status="PASS" signature="allZodiacTabSelect()[pri:6, instance:test.horoscope.Total_horoscope@271053e1]" name="allZodiacTabSelect" duration-ms="944" started-at="2018-02-01T21:26:56Z" description="all zodiac tab select" finished-at="2018-02-01T21:26:57Z">
          <reporter-output>
          </reporter-output>
        </test-method> <!-- allZodiacTabSelect -->
        <test-method status="PASS" signature="ariesDataDisplayed()[pri:7, instance:test.horoscope.Total_horoscope@271053e1]" name="ariesDataDisplayed" duration-ms="2445" started-at="2018-02-01T21:26:57Z" description="ariesDataDisplayed" finished-at="2018-02-01T21:26:59Z">
          <reporter-output>
          </reporter-output>
        </test-method> <!-- ariesDataDisplayed -->
        <test-method status="PASS" signature="cancerDataDisplayed()[pri:8, instance:test.horoscope.Total_horoscope@271053e1]" name="cancerDataDisplayed" duration-ms="2620" started-at="2018-02-01T21:26:59Z" description="cancerDataDisplayed" finished-at="2018-02-01T21:27:02Z">
          <reporter-output>
          </reporter-output>
        </test-method> <!-- cancerDataDisplayed -->
        <test-method status="PASS" signature="geminiDataDisplayed()[pri:8, instance:test.horoscope.Total_horoscope@271053e1]" name="geminiDataDisplayed" duration-ms="2456" started-at="2018-02-01T21:27:02Z" description="geminiDataDisplayed" finished-at="2018-02-01T21:27:05Z">
          <reporter-output>
          </reporter-output>
        </test-method> <!-- geminiDataDisplayed -->
        <test-method status="PASS" signature="taurusDataDisplayed()[pri:8, instance:test.horoscope.Total_horoscope@271053e1]" name="taurusDataDisplayed" duration-ms="2464" started-at="2018-02-01T21:27:05Z" description="taurusDataDisplayed" finished-at="2018-02-01T21:27:07Z">
          <reporter-output>
          </reporter-output>
        </test-method> <!-- taurusDataDisplayed -->
        <test-method status="PASS" signature="leoDataDisplayed()[pri:9, instance:test.horoscope.Total_horoscope@271053e1]" name="leoDataDisplayed" duration-ms="2580" started-at="2018-02-01T21:27:07Z" description="leoDataDisplayed" finished-at="2018-02-01T21:27:10Z">
          <reporter-output>
          </reporter-output>
        </test-method> <!-- leoDataDisplayed -->
        <test-method status="PASS" signature="virgoDataDisplayed()[pri:10, instance:test.horoscope.Total_horoscope@271053e1]" name="virgoDataDisplayed" duration-ms="2876" started-at="2018-02-01T21:27:10Z" description="virgoDataDisplayed" finished-at="2018-02-01T21:27:12Z">
          <reporter-output>
          </reporter-output>
        </test-method> <!-- virgoDataDisplayed -->
        <test-method status="PASS" signature="libraDataDisplayed()[pri:11, instance:test.horoscope.Total_horoscope@271053e1]" name="libraDataDisplayed" duration-ms="2509" started-at="2018-02-01T21:27:12Z" description="libraDataDisplayed" finished-at="2018-02-01T21:27:15Z">
          <reporter-output>
          </reporter-output>
        </test-method> <!-- libraDataDisplayed -->
        <test-method status="PASS" signature="scorpioDataDisplayed()[pri:12, instance:test.horoscope.Total_horoscope@271053e1]" name="scorpioDataDisplayed" duration-ms="2640" started-at="2018-02-01T21:27:15Z" description="scorpioDataDisplayed" finished-at="2018-02-01T21:27:18Z">
          <reporter-output>
          </reporter-output>
        </test-method> <!-- scorpioDataDisplayed -->
        <test-method status="PASS" signature="saggitariusDisplayed()[pri:13, instance:test.horoscope.Total_horoscope@271053e1]" name="saggitariusDisplayed" duration-ms="2628" started-at="2018-02-01T21:27:18Z" description="saggitariusDisplayed" finished-at="2018-02-01T21:27:20Z">
          <reporter-output>
          </reporter-output>
        </test-method> <!-- saggitariusDisplayed -->
        <test-method status="PASS" signature="capricornDataDisplayed()[pri:14, instance:test.horoscope.Total_horoscope@271053e1]" name="capricornDataDisplayed" duration-ms="2800" started-at="2018-02-01T21:27:20Z" description="capricornDataDisplayed" finished-at="2018-02-01T21:27:23Z">
          <reporter-output>
          </reporter-output>
        </test-method> <!-- capricornDataDisplayed -->
        <test-method status="PASS" signature="aquariusDataDisplayed()[pri:15, instance:test.horoscope.Total_horoscope@271053e1]" name="aquariusDataDisplayed" duration-ms="2565" started-at="2018-02-01T21:27:23Z" description="aquariusDataDisplayed" finished-at="2018-02-01T21:27:26Z">
          <reporter-output>
          </reporter-output>
        </test-method> <!-- aquariusDataDisplayed -->
        <test-method status="PASS" signature="piscesDataDisplayed()[pri:16, instance:test.horoscope.Total_horoscope@271053e1]" name="piscesDataDisplayed" duration-ms="2341" started-at="2018-02-01T21:27:26Z" description="piscesDataDisplayed" finished-at="2018-02-01T21:27:28Z">
          <reporter-output>
          </reporter-output>
        </test-method> <!-- piscesDataDisplayed -->
        <test-method status="FAIL" signature="kundaliMatch()[pri:17, instance:test.horoscope.Total_horoscope@271053e1]" name="kundaliMatch" duration-ms="6735" started-at="2018-02-01T21:27:28Z" description="KUNDALI MATCH " finished-at="2018-02-01T21:27:35Z">
          <exception class="org.openqa.selenium.TimeoutException">
            <message>
              <![CDATA[Expected condition failed: waiting for element to be clickable: By.className: android.view.ViewGroup (tried for 5 second(s) with 500 MILLISECONDS interval)]]>
            </message>
            <full-stacktrace>
              <![CDATA[org.openqa.selenium.TimeoutException: Expected condition failed: waiting for element to be clickable: By.className: android.view.ViewGroup (tried for 5 second(s) with 500 MILLISECONDS interval)
	at org.openqa.selenium.support.ui.WebDriverWait.timeoutException(WebDriverWait.java:82)
	at org.openqa.selenium.support.ui.FluentWait.until(FluentWait.java:231)
	at test.horoscope.Total_horoscope.kundaliMatch(Total_horoscope.java:197)
	at sun.reflect.NativeMethodAccessorImpl.invoke0(Native Method)
	at sun.reflect.NativeMethodAccessorImpl.invoke(Unknown Source)
	at sun.reflect.DelegatingMethodAccessorImpl.invoke(Unknown Source)
	at java.lang.reflect.Method.invoke(Unknown Source)
	at org.testng.internal.MethodInvocationHelper.invokeMethod(MethodInvocationHelper.java:108)
	at org.testng.internal.Invoker.invokeMethod(Invoker.java:669)
	at org.testng.internal.Invoker.invokeTestMethod(Invoker.java:877)
	at org.testng.internal.Invoker.invokeTestMethods(Invoker.java:1201)
	at org.testng.internal.TestMethodWorker.invokeTestMethods(TestMethodWorker.java:125)
	at org.testng.internal.TestMethodWorker.run(TestMethodWorker.java:109)
	at org.testng.TestRunner.privateRun(TestRunner.java:776)
	at org.testng.TestRunner.run(TestRunner.java:634)
	at org.testng.SuiteRunner.runTest(SuiteRunner.java:425)
	at org.testng.SuiteRunner.runSequentially(SuiteRunner.java:420)
	at org.testng.SuiteRunner.privateRun(SuiteRunner.java:385)
	at org.testng.SuiteRunner.run(SuiteRunner.java:334)
	at org.testng.SuiteRunnerWorker.runSuite(SuiteRunnerWorker.java:52)
	at org.testng.SuiteRunnerWorker.run(SuiteRunnerWorker.java:86)
	at org.testng.TestNG.runSuitesSequentially(TestNG.java:1318)
	at org.testng.TestNG.runSuitesLocally(TestNG.java:1243)
	at org.testng.TestNG.runSuites(TestNG.java:1161)
	at org.testng.TestNG.run(TestNG.java:1129)
	at org.testng.remote.AbstractRemoteTestNG.run(AbstractRemoteTestNG.java:114)
	at org.testng.remote.RemoteTestNG.initAndRun(RemoteTestNG.java:251)
	at org.testng.remote.RemoteTestNG.main(RemoteTestNG.java:77)
Caused by: org.openqa.selenium.NoSuchElementException: Cannot locate an element using By.className: android.view.ViewGroup
For documentation on this error, please visit: http://seleniumhq.org/exceptions/no_such_element.html
Build info: version: '3.7.1', revision: '8a0099a', time: '2017-11-06T21:07:36.161Z'
System info: host: 'AJAY', ip: '192.168.0.7', os.name: 'Windows 8.1', os.arch: 'amd64', os.version: '6.3', java.version: '1.8.0_151'
Driver info: driver.version: unknown
	at org.openqa.selenium.support.ui.ExpectedConditions.lambda$findElement$0(ExpectedConditions.java:882)
	at java.util.Optional.orElseThrow(Unknown Source)
	at org.openqa.selenium.support.ui.ExpectedConditions.findElement(ExpectedConditions.java:881)
	at org.openqa.selenium.support.ui.ExpectedConditions.access$000(ExpectedConditions.java:43)
	at org.openqa.selenium.support.ui.ExpectedConditions$7.apply(ExpectedConditions.java:205)
	at org.openqa.selenium.support.ui.ExpectedConditions$7.apply(ExpectedConditions.java:201)
	at org.openqa.selenium.support.ui.ExpectedConditions$22.apply(ExpectedConditions.java:643)
	at org.openqa.selenium.support.ui.ExpectedConditions$22.apply(ExpectedConditions.java:640)
	at org.openqa.selenium.support.ui.FluentWait.until(FluentWait.java:208)
	... 26 more
]]>
            </full-stacktrace>
          </exception> <!-- org.openqa.selenium.TimeoutException -->
          <reporter-output>
          </reporter-output>
        </test-method> <!-- kundaliMatch -->
      </class> <!-- test.horoscope.Total_horoscope -->
    </test> <!-- Default test -->
  </suite> <!-- Default suite -->
</testng-results>
